Using pre-set license
Built from '2020.3/staging' branch; Version is '2020.3.38f1 (8f5fde82e2dc) revision 9396190'; Using compiler version '192528614'; Build Type 'Release'
OS: 'Windows 10  (10.0.19044) 64bit Enterprise' Language: 'en' Physical Memory: 32450 MB
BatchMode: 1, IsHumanControllingUs: 0, StartBugReporterOnCrash: 0, Is64bit: 1, IsPro: 0

COMMAND LINE ARGUMENTS:
C:\Program Files\Unity\Hub\Editor\2020.3.38f1\Editor\Unity.exe
-adb2
-batchMode
-noUpm
-name
AssetImportWorker0
-projectPath
C:/Users/NYUAD/Documents/Saving Snowdrop 1
-logFile
Logs/AssetImportWorker0.log
-srvPort
57932
Successfully changed project path to: C:/Users/NYUAD/Documents/Saving Snowdrop 1
C:/Users/NYUAD/Documents/Saving Snowdrop 1
Using Asset Import Pipeline V2.
Refreshing native plugins compatible for Editor in 73.95 ms, found 5 plugins.
Preloading 1 native plugins for Editor in 1.05 ms.
Initialize engine version: 2020.3.38f1 (8f5fde82e2dc)
[Subsystems] Discovering subsystems at path C:/Program Files/Unity/Hub/Editor/2020.3.38f1/Editor/Data/Resources/UnitySubsystems
[Subsystems] Discovering subsystems at path C:/Users/NYUAD/Documents/Saving Snowdrop 1/Assets
GfxDevice: creating device client; threaded=0
Direct3D:
    Version:  Direct3D 11.0 [level 11.1]
    Renderer: NVIDIA Quadro RTX 4000 (ID=0x1eb1)
    Vendor:   
    VRAM:     8019 MB
    Driver:   31.0.15.1640
Initialize mono
Mono path[0] = 'C:/Program Files/Unity/Hub/Editor/2020.3.38f1/Editor/Data/Managed'
Mono path[1] = 'C:/Program Files/Unity/Hub/Editor/2020.3.38f1/Editor/Data/MonoBleedingEdge/lib/mono/unityjit'
Mono config path = 'C:/Program Files/Unity/Hub/Editor/2020.3.38f1/Editor/Data/MonoBleedingEdge/etc'
Using monoOptions --debugger-agent=transport=dt_socket,embedding=1,server=y,suspend=n,address=127.0.0.1:56064
Begin MonoManager ReloadAssembly
Registering precompiled unity dll's ...
Register platform support module: C:/Program Files/Unity/Hub/Editor/2020.3.38f1/Editor/Data/PlaybackEngines/WebGLSupport/UnityEditor.WebGL.Extensions.dll
Register platform support module: C:/Program Files/Unity/Hub/Editor/2020.3.38f1/Editor/Data/PlaybackEngines/WindowsStandaloneSupport/UnityEditor.WindowsStandalone.Extensions.dll
Registered in 0.001859 seconds.
Native extension for WindowsStandalone target not found
Native extension for WebGL target not found
Refreshing native plugins compatible for Editor in 83.71 ms, found 5 plugins.
Preloading 1 native plugins for Editor in 0.09 ms.
Mono: successfully reloaded assembly
- Completed reload, in  0.610 seconds
Domain Reload Profiling:
	ReloadAssembly (611ms)
		BeginReloadAssembly (56ms)
			ExecutionOrderSort (0ms)
			DisableScriptedObjects (0ms)
			BackupInstance (0ms)
			ReleaseScriptingObjects (0ms)
			CreateAndSetChildDomain (1ms)
		EndReloadAssembly (459ms)
			LoadAssemblies (54ms)
			RebuildTransferFunctionScriptingTraits (0ms)
			SetupTypeCache (122ms)
			ReleaseScriptCaches (0ms)
			RebuildScriptCaches (51ms)
			SetupLoadedEditorAssemblies (179ms)
				LogAssemblyErrors (0ms)
				InitializePlatformSupportModulesInManaged (4ms)
				SetLoadedEditorAssemblies (0ms)
				RefreshPlugins (84ms)
				BeforeProcessingInitializeOnLoad (7ms)
				ProcessInitializeOnLoadAttributes (62ms)
				ProcessInitializeOnLoadMethodAttributes (22ms)
				AfterProcessingInitializeOnLoad (0ms)
				EditorAssembliesLoaded (0ms)
			ExecutionOrderSort2 (0ms)
			AwakeInstancesAfterBackupRestoration (0ms)
Platform modules already initialized, skipping
Registering precompiled user dll's ...
Registered in 0.003720 seconds.
Begin MonoManager ReloadAssembly
Native extension for WindowsStandalone target not found
Native extension for WebGL target not found
Refreshing native plugins compatible for Editor in 69.52 ms, found 5 plugins.
Preloading 1 native plugins for Editor in 0.09 ms.
[XR] OculusXRPlugin: registering subsystems
[XR] Unable to register display lifecyle provider: [1]
[XR] Oculus Input lifecycle provider registered.
[XR] Unable to register input lifecyle provider: [1]
System.Reflection.TargetInvocationException: Exception has been thrown by the target of an invocation. ---> System.NullReferenceException: Object reference not set to an instance of an object
  at Unity.XR.Oculus.OculusLoader.AssetPathToAbsolutePath (System.String assetPath) [0x00048] in C:\Users\NYUAD\Documents\Saving Snowdrop 1\Library\PackageCache\com.unity.xr.oculus@1.12.1\Runtime\OculusLoader.cs:265 
  at Unity.XR.Oculus.OculusLoader.EditorLoadOVRPlugin () [0x0007b] in C:\Users\NYUAD\Documents\Saving Snowdrop 1\Library\PackageCache\com.unity.xr.oculus@1.12.1\Runtime\OculusLoader.cs:250 
  at (wrapper managed-to-native) System.Reflection.MonoMethod.InternalInvoke(System.Reflection.MonoMethod,object,object[],System.Exception&)
  at System.Reflection.MonoMethod.Invoke (System.Object obj, System.Reflection.BindingFlags invokeAttr, System.Reflection.Binder binder, System.Object[] parameters, System.Globalization.CultureInfo culture) [0x00032] in <695d1cc93cca45069c528c15c9fdd749>:0 
   --- End of inner exception stack trace ---
  at System.Reflection.MonoMethod.Invoke (System.Object obj, System.Reflection.BindingFlags invokeAttr, System.Reflection.Binder binder, System.Object[] parameters, System.Globalization.CultureInfo culture) [0x00048] in <695d1cc93cca45069c528c15c9fdd749>:0 
  at System.Reflection.MethodBase.Invoke (System.Object obj, System.Object[] parameters) [0x00000] in <695d1cc93cca45069c528c15c9fdd749>:0 
  at UnityEditor.EditorAssemblies.ProcessInitializeOnLoadMethodAttributes () [0x00047] in <2e00be109d124bb98c380f10ba0e3cd4>:0 
UnityEngine.StackTraceUtility:ExtractStackTrace ()
UnityEngine.DebugLogHandler:LogFormat (UnityEngine.LogType,UnityEngine.Object,string,object[])
UnityEngine.Logger:Log (UnityEngine.LogType,object)
UnityEngine.Debug:LogError (object)
UnityEditor.EditorAssemblies:ProcessInitializeOnLoadMethodAttributes ()

Mono: successfully reloaded assembly
- Completed reload, in  1.096 seconds
Domain Reload Profiling:
	ReloadAssembly (1097ms)
		BeginReloadAssembly (143ms)
			ExecutionOrderSort (0ms)
			DisableScriptedObjects (4ms)
			BackupInstance (0ms)
			ReleaseScriptingObjects (0ms)
			CreateAndSetChildDomain (27ms)
		EndReloadAssembly (881ms)
			LoadAssemblies (88ms)
			RebuildTransferFunctionScriptingTraits (0ms)
			SetupTypeCache (241ms)
			ReleaseScriptCaches (1ms)
			RebuildScriptCaches (46ms)
			SetupLoadedEditorAssemblies (366ms)
				LogAssemblyErrors (0ms)
				InitializePlatformSupportModulesInManaged (4ms)
				SetLoadedEditorAssemblies (0ms)
				RefreshPlugins (70ms)
				BeforeProcessingInitializeOnLoad (69ms)
				ProcessInitializeOnLoadAttributes (191ms)
				ProcessInitializeOnLoadMethodAttributes (27ms)
				AfterProcessingInitializeOnLoad (5ms)
				EditorAssembliesLoaded (0ms)
			ExecutionOrderSort2 (0ms)
			AwakeInstancesAfterBackupRestoration (1ms)
Platform modules already initialized, skipping
========================================================================
Worker process is ready to serve import requests
Launched and connected shader compiler UnityShaderCompiler.exe after 0.10 seconds
Refreshing native plugins compatible for Editor in 0.92 ms, found 5 plugins.
Preloading 1 native plugins for Editor in 0.10 ms.
Unloading 2427 Unused Serialized files (Serialized files now loaded: 0)
System memory in use before: 218.4 MB.
System memory in use after: 218.6 MB.

Unloading 22 unused Assets to reduce memory usage. Loaded Objects now: 2901.
Total: 3.307700 ms (FindLiveObjects: 0.231500 ms CreateObjectMapping: 0.100500 ms MarkObjects: 2.877000 ms  DeleteObjects: 0.097900 ms)

AssetImportParameters requested are different than current active one (requested -> active):
  custom:framework-win-MediaFoundation: 216162199b28c13a410421893ffa2e32 -> 
  custom:video-decoder-ogg-theora: a1e56fd34408186e4bbccfd4996cb3dc -> 
  custom:container-muxer-webm: aa71ff27fc2769a1b78a27578f13a17b -> 
  custom:container-demuxer-webm: 4f35f7cbe854078d1ac9338744f61a02 -> 
  custom:container-demuxer-ogg: 62fdf1f143b41e24485cea50d1cbac27 -> 
  custom:video-encoder-webm-vp8: eb34c28f22e8b96e1ab97ce403110664 -> 
  custom:video-decoder-webm-vp8: 9c59270c3fd7afecdb556c50c9e8de78 -> 
  custom:audio-decoder-ogg-vorbis: bf7c407c2cedff20999df2af8eb42d56 -> 
  custom:audio-encoder-webm-vorbis: bf7c407c2cedff20999df2af8eb42d56 -> 
========================================================================
Received Import Request.
  path: Assets/Scenes/CabinScene.unity
  artifactKey: Guid(9fc0d4010bbf28b4594072e72b8655ab) Importer(815301076,1909f56bfc062723c751e8b465ee728b)
Start importing Assets/Scenes/CabinScene.unity using Guid(9fc0d4010bbf28b4594072e72b8655ab) Importer(815301076,1909f56bfc062723c751e8b465ee728b)  -> (artifact id: '558898e9ba427380d1d2e0e9c5599086') in 0.005343 seconds 
========================================================================
Received Import Request.
  Time since last request: 358.903552 seconds.
  path: Assets/Materials/yellow 1.mat
  artifactKey: Guid(7931962acbd485c4d94a93e5531494aa) Importer(815301076,1909f56bfc062723c751e8b465ee728b)
Start importing Assets/Materials/yellow 1.mat using Guid(7931962acbd485c4d94a93e5531494aa) Importer(815301076,1909f56bfc062723c751e8b465ee728b)  -> (artifact id: '04fdf31a219f93c40c137eb64f3ca218') in 0.154974 seconds 
========================================================================
Received Import Request.
  Time since last request: 6.340138 seconds.
  path: Assets/Materials/CREAM.mat
  artifactKey: Guid(7931962acbd485c4d94a93e5531494aa) Importer(815301076,1909f56bfc062723c751e8b465ee728b)
Start importing Assets/Materials/CREAM.mat using Guid(7931962acbd485c4d94a93e5531494aa) Importer(815301076,1909f56bfc062723c751e8b465ee728b)  -> (artifact id: '6b78e479cbeda8f280dc58be85d6e657') in 0.023114 seconds 
========================================================================
Received Import Request.
  Time since last request: 6.632971 seconds.
  path: Assets/Materials/cream.mat
  artifactKey: Guid(7931962acbd485c4d94a93e5531494aa) Importer(815301076,1909f56bfc062723c751e8b465ee728b)
Start importing Assets/Materials/cream.mat using Guid(7931962acbd485c4d94a93e5531494aa) Importer(815301076,1909f56bfc062723c751e8b465ee728b)  -> (artifact id: 'bf3f15df5115f7b90e1a93f3ca015bcc') in 0.025431 seconds 
========================================================================
Received Import Request.
  Time since last request: 141.034392 seconds.
  path: Assets/Materials/cream.mat
  artifactKey: Guid(7931962acbd485c4d94a93e5531494aa) Importer(815301076,1909f56bfc062723c751e8b465ee728b)
Start importing Assets/Materials/cream.mat using Guid(7931962acbd485c4d94a93e5531494aa) Importer(815301076,1909f56bfc062723c751e8b465ee728b)  -> (artifact id: '7c211294b07b2592889afc83cd9e414a') in 0.030440 seconds 
========================================================================
Received Import Request.
  Time since last request: 0.000929 seconds.
  path: Assets/Materials/yellow 1.mat
  artifactKey: Guid(0216c3dbba58fb94bb159c869667d761) Importer(815301076,1909f56bfc062723c751e8b465ee728b)
Start importing Assets/Materials/yellow 1.mat using Guid(0216c3dbba58fb94bb159c869667d761) Importer(815301076,1909f56bfc062723c751e8b465ee728b)  -> (artifact id: 'b9750ab9dc0bd32d77c6d41fb7b7740e') in 0.033149 seconds 
========================================================================
Received Import Request.
  Time since last request: 10.389207 seconds.
  path: Assets/Materials/darkBrown.mat
  artifactKey: Guid(0216c3dbba58fb94bb159c869667d761) Importer(815301076,1909f56bfc062723c751e8b465ee728b)
Start importing Assets/Materials/darkBrown.mat using Guid(0216c3dbba58fb94bb159c869667d761) Importer(815301076,1909f56bfc062723c751e8b465ee728b)  -> (artifact id: '157639dcea3ed5a0edd8e47aa29fdf89') in 0.030537 seconds 
========================================================================
Received Import Request.
  Time since last request: 545.027685 seconds.
  path: Assets/SceneOneAssets/ToysPack/Materials/ToyBlocks_TextureAtlas_01.mat
  artifactKey: Guid(634b7df053856ab42a8c7e00ab6b5b7e) Importer(815301076,1909f56bfc062723c751e8b465ee728b)
Start importing Assets/SceneOneAssets/ToysPack/Materials/ToyBlocks_TextureAtlas_01.mat using Guid(634b7df053856ab42a8c7e00ab6b5b7e) Importer(815301076,1909f56bfc062723c751e8b465ee728b)  -> (artifact id: 'a7eb55eff9d8b4e1e46b9e2528bf52bb') in 0.030833 seconds 
========================================================================
Received Import Request.
  Time since last request: 0.000762 seconds.
  path: Assets/SceneOneAssets/ToysPack/Materials/Toys_TextureAtlas_01.mat
  artifactKey: Guid(472395e881ac00a49b898cb7149329ed) Importer(815301076,1909f56bfc062723c751e8b465ee728b)
Start importing Assets/SceneOneAssets/ToysPack/Materials/Toys_TextureAtlas_01.mat using Guid(472395e881ac00a49b898cb7149329ed) Importer(815301076,1909f56bfc062723c751e8b465ee728b)  -> (artifact id: '50636b2f550c9fb02efea546a537b9f0') in 0.013648 seconds 
========================================================================
Received Prepare
Registering precompiled user dll's ...
Registered in 0.003626 seconds.
Begin MonoManager ReloadAssembly
Native extension for WindowsStandalone target not found
Native extension for WebGL target not found
Refreshing native plugins compatible for Editor in 0.96 ms, found 5 plugins.
Preloading 1 native plugins for Editor in 0.12 ms.
System.Reflection.TargetInvocationException: Exception has been thrown by the target of an invocation. ---> System.NullReferenceException: Object reference not set to an instance of an object
  at Unity.XR.Oculus.OculusLoader.AssetPathToAbsolutePath (System.String assetPath) [0x00048] in C:\Users\NYUAD\Documents\Saving Snowdrop 1\Library\PackageCache\com.unity.xr.oculus@1.12.1\Runtime\OculusLoader.cs:265 
  at Unity.XR.Oculus.OculusLoader.EditorLoadOVRPlugin () [0x0007b] in C:\Users\NYUAD\Documents\Saving Snowdrop 1\Library\PackageCache\com.unity.xr.oculus@1.12.1\Runtime\OculusLoader.cs:250 
  at (wrapper managed-to-native) System.Reflection.MonoMethod.InternalInvoke(System.Reflection.MonoMethod,object,object[],System.Exception&)
  at System.Reflection.MonoMethod.Invoke (System.Object obj, System.Reflection.BindingFlags invokeAttr, System.Reflection.Binder binder, System.Object[] parameters, System.Globalization.CultureInfo culture) [0x00032] in <695d1cc93cca45069c528c15c9fdd749>:0 
   --- End of inner exception stack trace ---
  at System.Reflection.MonoMethod.Invoke (System.Object obj, System.Reflection.BindingFlags invokeAttr, System.Reflection.Binder binder, System.Object[] parameters, System.Globalization.CultureInfo culture) [0x00048] in <695d1cc93cca45069c528c15c9fdd749>:0 
  at System.Reflection.MethodBase.Invoke (System.Object obj, System.Object[] parameters) [0x00000] in <695d1cc93cca45069c528c15c9fdd749>:0 
  at UnityEditor.EditorAssemblies.ProcessInitializeOnLoadMethodAttributes () [0x00047] in <2e00be109d124bb98c380f10ba0e3cd4>:0 
UnityEngine.StackTraceUtility:ExtractStackTrace ()
UnityEngine.DebugLogHandler:LogFormat (UnityEngine.LogType,UnityEngine.Object,string,object[])
UnityEngine.Logger:Log (UnityEngine.LogType,object)
UnityEngine.Debug:LogError (object)
UnityEditor.EditorAssemblies:ProcessInitializeOnLoadMethodAttributes ()

Mono: successfully reloaded assembly
- Completed reload, in  0.908 seconds
Domain Reload Profiling:
	ReloadAssembly (908ms)
		BeginReloadAssembly (123ms)
			ExecutionOrderSort (0ms)
			DisableScriptedObjects (3ms)
			BackupInstance (0ms)
			ReleaseScriptingObjects (0ms)
			CreateAndSetChildDomain (45ms)
		EndReloadAssembly (736ms)
			LoadAssemblies (83ms)
			RebuildTransferFunctionScriptingTraits (0ms)
			SetupTypeCache (233ms)
			ReleaseScriptCaches (1ms)
			RebuildScriptCaches (33ms)
			SetupLoadedEditorAssemblies (316ms)
				LogAssemblyErrors (0ms)
				InitializePlatformSupportModulesInManaged (4ms)
				SetLoadedEditorAssemblies (0ms)
				RefreshPlugins (1ms)
				BeforeProcessingInitializeOnLoad (71ms)
				ProcessInitializeOnLoadAttributes (216ms)
				ProcessInitializeOnLoadMethodAttributes (18ms)
				AfterProcessingInitializeOnLoad (5ms)
				EditorAssembliesLoaded (0ms)
			ExecutionOrderSort2 (0ms)
			AwakeInstancesAfterBackupRestoration (1ms)
Platform modules already initialized, skipping
Refreshing native plugins compatible for Editor in 1.30 ms, found 5 plugins.
Preloading 1 native plugins for Editor in 0.16 ms.
Unloading 2375 Unused Serialized files (Serialized files now loaded: 0)
System memory in use before: 218.0 MB.
System memory in use after: 218.2 MB.

Unloading 15 unused Assets to reduce memory usage. Loaded Objects now: 2946.
Total: 7.218800 ms (FindLiveObjects: 0.263900 ms CreateObjectMapping: 0.122800 ms MarkObjects: 6.743900 ms  DeleteObjects: 0.087100 ms)

AssetImportParameters requested are different than current active one (requested -> active):
  custom:framework-win-MediaFoundation: 216162199b28c13a410421893ffa2e32 -> 
  custom:video-decoder-ogg-theora: a1e56fd34408186e4bbccfd4996cb3dc -> 
  custom:container-muxer-webm: aa71ff27fc2769a1b78a27578f13a17b -> 
  custom:container-demuxer-webm: 4f35f7cbe854078d1ac9338744f61a02 -> 
  custom:container-demuxer-ogg: 62fdf1f143b41e24485cea50d1cbac27 -> 
  custom:video-encoder-webm-vp8: eb34c28f22e8b96e1ab97ce403110664 -> 
  custom:video-decoder-webm-vp8: 9c59270c3fd7afecdb556c50c9e8de78 -> 
  custom:audio-decoder-ogg-vorbis: bf7c407c2cedff20999df2af8eb42d56 -> 
  custom:audio-encoder-webm-vorbis: bf7c407c2cedff20999df2af8eb42d56 -> 
========================================================================
Received Import Request.
  Time since last request: 754.096868 seconds.
  path: Assets/Materials/darkBrown.mat
  artifactKey: Guid(0216c3dbba58fb94bb159c869667d761) Importer(815301076,1909f56bfc062723c751e8b465ee728b)
Start importing Assets/Materials/darkBrown.mat using Guid(0216c3dbba58fb94bb159c869667d761) Importer(815301076,1909f56bfc062723c751e8b465ee728b)  -> (artifact id: 'e7379898a5a43b4a028c474e8193231c') in 0.086315 seconds 
========================================================================
Received Import Request.
  Time since last request: 0.000382 seconds.
  path: Assets/Materials/lightBlue.mat
  artifactKey: Guid(828aa9d4f2ea2f742af3d132a8fee73f) Importer(815301076,1909f56bfc062723c751e8b465ee728b)
Start importing Assets/Materials/lightBlue.mat using Guid(828aa9d4f2ea2f742af3d132a8fee73f) Importer(815301076,1909f56bfc062723c751e8b465ee728b)  -> (artifact id: '9a3641dad2f8a2680dc568960e9f917b') in 0.010463 seconds 
========================================================================
Received Import Request.
  Time since last request: 259.722769 seconds.
  path: Assets/Materials/floor.mat
  artifactKey: Guid(f547a485fc6db46cba36610be420fe7b) Importer(815301076,1909f56bfc062723c751e8b465ee728b)
Start importing Assets/Materials/floor.mat using Guid(f547a485fc6db46cba36610be420fe7b) Importer(815301076,1909f56bfc062723c751e8b465ee728b)  -> (artifact id: 'db2ca694e98cd9acd07e5552f22dbe95') in 0.016922 seconds 
========================================================================
Received Import Request.
  Time since last request: 84.694331 seconds.
  path: Assets/Materials/floor.mat
  artifactKey: Guid(f547a485fc6db46cba36610be420fe7b) Importer(815301076,1909f56bfc062723c751e8b465ee728b)
Start importing Assets/Materials/floor.mat using Guid(f547a485fc6db46cba36610be420fe7b) Importer(815301076,1909f56bfc062723c751e8b465ee728b)  -> (artifact id: '4525fc6731f577e3487773bc2572c943') in 0.018800 seconds 
========================================================================
Received Import Request.
  Time since last request: 327.684562 seconds.
  path: Assets/Materials/floor 1.mat
  artifactKey: Guid(d436825541fac514b89b7eb068a872ee) Importer(815301076,1909f56bfc062723c751e8b465ee728b)
Start importing Assets/Materials/floor 1.mat using Guid(d436825541fac514b89b7eb068a872ee) Importer(815301076,1909f56bfc062723c751e8b465ee728b)  -> (artifact id: 'c342ebeae621f689117c014b254b1d8b') in 0.022224 seconds 
========================================================================
Received Import Request.
  Time since last request: 0.000792 seconds.
  path: Assets/Materials/floor.mat
  artifactKey: Guid(f547a485fc6db46cba36610be420fe7b) Importer(815301076,1909f56bfc062723c751e8b465ee728b)
Start importing Assets/Materials/floor.mat using Guid(f547a485fc6db46cba36610be420fe7b) Importer(815301076,1909f56bfc062723c751e8b465ee728b)  -> (artifact id: '29ae644e9ab53921e7a5799f2e29b5a0') in 0.015276 seconds 
========================================================================
Received Import Request.
  Time since last request: 3696.446408 seconds.
  path: Assets/Materials/floor.mat
  artifactKey: Guid(f547a485fc6db46cba36610be420fe7b) Importer(815301076,1909f56bfc062723c751e8b465ee728b)
Start importing Assets/Materials/floor.mat using Guid(f547a485fc6db46cba36610be420fe7b) Importer(815301076,1909f56bfc062723c751e8b465ee728b)  -> (artifact id: '772035a5046a5dd9043d833a6ef2a2e4') in 0.020822 seconds 
========================================================================
Received Import Request.
  Time since last request: 14626.840138 seconds.
  path: Assets/Scenes/ForestScene.unity
  artifactKey: Guid(0960bb38bd25946a29ea1daaedd9a00e) Importer(815301076,1909f56bfc062723c751e8b465ee728b)
Start importing Assets/Scenes/ForestScene.unity using Guid(0960bb38bd25946a29ea1daaedd9a00e) Importer(815301076,1909f56bfc062723c751e8b465ee728b)  -> (artifact id: 'd276a53f9a802f8d10f47aa9c917d46c') in 0.003474 seconds 
========================================================================
Received Import Request.
  Time since last request: 29.110349 seconds.
  path: Assets/LowlyPoly/Free Stylized Textures
  artifactKey: Guid(07a6929d3e5614146a7abb90c8f103f3) Importer(815301076,1909f56bfc062723c751e8b465ee728b)
Start importing Assets/LowlyPoly/Free Stylized Textures using Guid(07a6929d3e5614146a7abb90c8f103f3) Importer(815301076,1909f56bfc062723c751e8b465ee728b)  -> (artifact id: 'e767e2413965ccd1a09aabfd54d1253f') in 0.003661 seconds 
========================================================================
Received Import Request.
  Time since last request: 1.774179 seconds.
  path: Assets/LowlyPoly/Free Stylized Textures/Scene
  artifactKey: Guid(fc45934d91f0bb04fa3a2efb9039a337) Importer(815301076,1909f56bfc062723c751e8b465ee728b)
Start importing Assets/LowlyPoly/Free Stylized Textures/Scene using Guid(fc45934d91f0bb04fa3a2efb9039a337) Importer(815301076,1909f56bfc062723c751e8b465ee728b)  -> (artifact id: 'c346e58ade08c4946f1ecf53d5df3536') in 0.003544 seconds 
========================================================================
Received Import Request.
  Time since last request: 0.748870 seconds.
  path: Assets/LowlyPoly/Free Stylized Textures/Scene/Free_Stylized_Textures.unity
  artifactKey: Guid(bf184b4044fb6df479e752a582722ea2) Importer(815301076,1909f56bfc062723c751e8b465ee728b)
Start importing Assets/LowlyPoly/Free Stylized Textures/Scene/Free_Stylized_Textures.unity using Guid(bf184b4044fb6df479e752a582722ea2) Importer(815301076,1909f56bfc062723c751e8b465ee728b)  -> (artifact id: 'aff73481db995900806fafaf2d51c4f1') in 0.003731 seconds 
========================================================================
Received Import Request.
  Time since last request: 640.213162 seconds.
  path: Assets/SimpleNaturePack/Scenes
  artifactKey: Guid(cf7d20afeed25e648acff9bab9734317) Importer(815301076,1909f56bfc062723c751e8b465ee728b)
Start importing Assets/SimpleNaturePack/Scenes using Guid(cf7d20afeed25e648acff9bab9734317) Importer(815301076,1909f56bfc062723c751e8b465ee728b)  -> (artifact id: '4411d5a0ddc49c27af7063f08e2d0da0') in 0.003508 seconds 
========================================================================
Received Import Request.
  Time since last request: 1.282910 seconds.
  path: Assets/SimpleNaturePack/Scenes/SimpleNaturePack_Demo.unity
  artifactKey: Guid(5e7af4bd95ac53a4cb784a9eedf8f6f9) Importer(815301076,1909f56bfc062723c751e8b465ee728b)
Start importing Assets/SimpleNaturePack/Scenes/SimpleNaturePack_Demo.unity using Guid(5e7af4bd95ac53a4cb784a9eedf8f6f9) Importer(815301076,1909f56bfc062723c751e8b465ee728b)  -> (artifact id: 'a4625a56b2972e1d6d787865692d59b2') in 0.003325 seconds 
========================================================================
Received Prepare
Registering precompiled user dll's ...
Registered in 0.003571 seconds.
Begin MonoManager ReloadAssembly
Native extension for WindowsStandalone target not found
Native extension for WebGL target not found
Refreshing native plugins compatible for Editor in 0.95 ms, found 5 plugins.
Preloading 1 native plugins for Editor in 0.11 ms.
System.Reflection.TargetInvocationException: Exception has been thrown by the target of an invocation. ---> System.NullReferenceException: Object reference not set to an instance of an object
  at Unity.XR.Oculus.OculusLoader.AssetPathToAbsolutePath (System.String assetPath) [0x00048] in C:\Users\NYUAD\Documents\Saving Snowdrop 1\Library\PackageCache\com.unity.xr.oculus@1.12.1\Runtime\OculusLoader.cs:265 
  at Unity.XR.Oculus.OculusLoader.EditorLoadOVRPlugin () [0x0007b] in C:\Users\NYUAD\Documents\Saving Snowdrop 1\Library\PackageCache\com.unity.xr.oculus@1.12.1\Runtime\OculusLoader.cs:250 
  at (wrapper managed-to-native) System.Reflection.MonoMethod.InternalInvoke(System.Reflection.MonoMethod,object,object[],System.Exception&)
  at System.Reflection.MonoMethod.Invoke (System.Object obj, System.Reflection.BindingFlags invokeAttr, System.Reflection.Binder binder, System.Object[] parameters, System.Globalization.CultureInfo culture) [0x00032] in <695d1cc93cca45069c528c15c9fdd749>:0 
   --- End of inner exception stack trace ---
  at System.Reflection.MonoMethod.Invoke (System.Object obj, System.Reflection.BindingFlags invokeAttr, System.Reflection.Binder binder, System.Object[] parameters, System.Globalization.CultureInfo culture) [0x00048] in <695d1cc93cca45069c528c15c9fdd749>:0 
  at System.Reflection.MethodBase.Invoke (System.Object obj, System.Object[] parameters) [0x00000] in <695d1cc93cca45069c528c15c9fdd749>:0 
  at UnityEditor.EditorAssemblies.ProcessInitializeOnLoadMethodAttributes () [0x00047] in <2e00be109d124bb98c380f10ba0e3cd4>:0 
UnityEngine.StackTraceUtility:ExtractStackTrace ()
UnityEngine.DebugLogHandler:LogFormat (UnityEngine.LogType,UnityEngine.Object,string,object[])
UnityEngine.Logger:Log (UnityEngine.LogType,object)
UnityEngine.Debug:LogError (object)
UnityEditor.EditorAssemblies:ProcessInitializeOnLoadMethodAttributes ()

Mono: successfully reloaded assembly
- Completed reload, in  0.868 seconds
Domain Reload Profiling:
	ReloadAssembly (868ms)
		BeginReloadAssembly (118ms)
			ExecutionOrderSort (0ms)
			DisableScriptedObjects (3ms)
			BackupInstance (0ms)
			ReleaseScriptingObjects (0ms)
			CreateAndSetChildDomain (46ms)
		EndReloadAssembly (702ms)
			LoadAssemblies (82ms)
			RebuildTransferFunctionScriptingTraits (0ms)
			SetupTypeCache (231ms)
			ReleaseScriptCaches (1ms)
			RebuildScriptCaches (37ms)
			SetupLoadedEditorAssemblies (281ms)
				LogAssemblyErrors (0ms)
				InitializePlatformSupportModulesInManaged (4ms)
				SetLoadedEditorAssemblies (0ms)
				RefreshPlugins (1ms)
				BeforeProcessingInitializeOnLoad (46ms)
				ProcessInitializeOnLoadAttributes (206ms)
				ProcessInitializeOnLoadMethodAttributes (18ms)
				AfterProcessingInitializeOnLoad (5ms)
				EditorAssembliesLoaded (0ms)
			ExecutionOrderSort2 (0ms)
			AwakeInstancesAfterBackupRestoration (1ms)
Platform modules already initialized, skipping
Refreshing native plugins compatible for Editor in 0.99 ms, found 5 plugins.
Preloading 1 native plugins for Editor in 0.11 ms.
Unloading 2375 Unused Serialized files (Serialized files now loaded: 0)
System memory in use before: 218.5 MB.
System memory in use after: 218.7 MB.

Unloading 15 unused Assets to reduce memory usage. Loaded Objects now: 2951.
Total: 3.294400 ms (FindLiveObjects: 0.248500 ms CreateObjectMapping: 0.115100 ms MarkObjects: 2.851000 ms  DeleteObjects: 0.078300 ms)

AssetImportParameters requested are different than current active one (requested -> active):
  custom:framework-win-MediaFoundation: 216162199b28c13a410421893ffa2e32 -> 
  custom:video-decoder-ogg-theora: a1e56fd34408186e4bbccfd4996cb3dc -> 
  custom:container-muxer-webm: aa71ff27fc2769a1b78a27578f13a17b -> 
  custom:container-demuxer-webm: 4f35f7cbe854078d1ac9338744f61a02 -> 
  custom:container-demuxer-ogg: 62fdf1f143b41e24485cea50d1cbac27 -> 
  custom:video-encoder-webm-vp8: eb34c28f22e8b96e1ab97ce403110664 -> 
  custom:video-decoder-webm-vp8: 9c59270c3fd7afecdb556c50c9e8de78 -> 
  custom:audio-decoder-ogg-vorbis: bf7c407c2cedff20999df2af8eb42d56 -> 
  custom:audio-encoder-webm-vorbis: bf7c407c2cedff20999df2af8eb42d56 -> 
========================================================================
Received Import Request.
  Time since last request: 7981.662654 seconds.
  path: Assets/SimpleNaturePack/Scenes/PostProcessing
  artifactKey: Guid(0bcd04f45442cb246bbd9280c0ac6cd2) Importer(815301076,1909f56bfc062723c751e8b465ee728b)
Start importing Assets/SimpleNaturePack/Scenes/PostProcessing using Guid(0bcd04f45442cb246bbd9280c0ac6cd2) Importer(815301076,1909f56bfc062723c751e8b465ee728b)  -> (artifact id: 'de66a541dbd73291d87d232fd41a6a83') in 0.010521 seconds 
========================================================================
Received Import Request.
  Time since last request: 0.094252 seconds.
  path: Assets/SimpleNaturePack/Scenes/PostProcessing/PostProcessing Profile_SimpleNaturePack.asset
  artifactKey: Guid(142a90124f4db154d8b3f2f5d3b9a077) Importer(815301076,1909f56bfc062723c751e8b465ee728b)
Start importing Assets/SimpleNaturePack/Scenes/PostProcessing/PostProcessing Profile_SimpleNaturePack.asset using Guid(142a90124f4db154d8b3f2f5d3b9a077) Importer(815301076,1909f56bfc062723c751e8b465ee728b)  -> (artifact id: 'ad4501a912fa923b8e78ca28b6ae9db0') in 0.042555 seconds 
========================================================================
Received Import Request.
  Time since last request: 0.000889 seconds.
  path: Assets/SimpleNaturePack/Scenes/PostProcessing/Scene Settings Profile_SimpleNaturePack.asset
  artifactKey: Guid(be2f6ba0f396e164fab91dec24babd6f) Importer(815301076,1909f56bfc062723c751e8b465ee728b)
Start importing Assets/SimpleNaturePack/Scenes/PostProcessing/Scene Settings Profile_SimpleNaturePack.asset using Guid(be2f6ba0f396e164fab91dec24babd6f) Importer(815301076,1909f56bfc062723c751e8b465ee728b)  -> (artifact id: '7ebdb92ee3a363bf3748df636957b9d4') in 0.005071 seconds 
========================================================================
Received Import Request.
  Time since last request: 0.000650 seconds.
  path: Assets/SimpleNaturePack/Scenes/PostProcessing/SimpleNaturePack_HDRP.asset
  artifactKey: Guid(7a0eb7cc6dbd92346bb9d7979f2734a2) Importer(815301076,1909f56bfc062723c751e8b465ee728b)
Start importing Assets/SimpleNaturePack/Scenes/PostProcessing/SimpleNaturePack_HDRP.asset using Guid(7a0eb7cc6dbd92346bb9d7979f2734a2) Importer(815301076,1909f56bfc062723c751e8b465ee728b)  -> (artifact id: '8c409f780a64b5a988b7a7e3247eaa33') in 0.003944 seconds 
========================================================================
Received Import Request.
  Time since last request: 63.648817 seconds.
  path: Assets/Scene2Assets/Pond/Environment_Pond/Summer/Terrain/TerrainLayer_generic_brownLight.terrainlayer
  artifactKey: Guid(bb97783b6ffb6774d81c2630b61296f5) Importer(815301076,1909f56bfc062723c751e8b465ee728b)
Start importing Assets/Scene2Assets/Pond/Environment_Pond/Summer/Terrain/TerrainLayer_generic_brownLight.terrainlayer using Guid(bb97783b6ffb6774d81c2630b61296f5) Importer(815301076,1909f56bfc062723c751e8b465ee728b)  -> (artifact id: 'd153f05bd7bf5e0e5a950e6b559a4245') in 0.072726 seconds 
========================================================================
Received Import Request.
  Time since last request: 6.460614 seconds.
  path: Assets/Scene2Assets/Pond/Environment_Pond/Summer/Prefabs/Particles
  artifactKey: Guid(8ac8be004910ce24c938447dd6b987db) Importer(815301076,1909f56bfc062723c751e8b465ee728b)
Start importing Assets/Scene2Assets/Pond/Environment_Pond/Summer/Prefabs/Particles using Guid(8ac8be004910ce24c938447dd6b987db) Importer(815301076,1909f56bfc062723c751e8b465ee728b)  -> (artifact id: '6933a62c1ff527f92130bd7ebb56dc20') in 0.003417 seconds 
========================================================================
Received Import Request.
  Time since last request: 0.091882 seconds.
  path: Assets/Scene2Assets/Pond/Environment_Pond/Summer/Prefabs/Particles/ps_Dust.prefab
  artifactKey: Guid(c1570b43b15b6934a95ac554a905dc6b) Importer(815301076,1909f56bfc062723c751e8b465ee728b)
Start importing Assets/Scene2Assets/Pond/Environment_Pond/Summer/Prefabs/Particles/ps_Dust.prefab using Guid(c1570b43b15b6934a95ac554a905dc6b) Importer(815301076,1909f56bfc062723c751e8b465ee728b)  -> (artifact id: 'ba8dc5536131eb4ebbc27e261e55387e') in 1.547075 seconds 
========================================================================
Received Import Request.
  Time since last request: 0.000828 seconds.
  path: Assets/Scene2Assets/Pond/Environment_Pond/Summer/Prefabs/Particles/ps_Ground_fog.prefab
  artifactKey: Guid(706151c19bd7ba546afb470ab3c75717) Importer(815301076,1909f56bfc062723c751e8b465ee728b)
Start importing Assets/Scene2Assets/Pond/Environment_Pond/Summer/Prefabs/Particles/ps_Ground_fog.prefab using Guid(706151c19bd7ba546afb470ab3c75717) Importer(815301076,1909f56bfc062723c751e8b465ee728b)  -> (artifact id: 'beaeb3a23be1139717255c36a58473ee') in 0.228337 seconds 
========================================================================
Received Import Request.
  Time since last request: 0.000573 seconds.
  path: Assets/Scene2Assets/Pond/Environment_Pond/Summer/Prefabs/Particles/ps_godrays.prefab
  artifactKey: Guid(a3a0b2503fc9a324a80cea59f8ee03ec) Importer(815301076,1909f56bfc062723c751e8b465ee728b)
Start importing Assets/Scene2Assets/Pond/Environment_Pond/Summer/Prefabs/Particles/ps_godrays.prefab using Guid(a3a0b2503fc9a324a80cea59f8ee03ec) Importer(815301076,1909f56bfc062723c751e8b465ee728b)  -> (artifact id: '474efa0be898ad054d52443555227c92') in 0.081998 seconds 
========================================================================
Received Import Request.
  Time since last request: 0.000604 seconds.
  path: Assets/Scene2Assets/Pond/Environment_Pond/Summer/Prefabs/Particles/ps_Falling Leaves.prefab
  artifactKey: Guid(b10539bf77db20d46ac8735f3e719e02) Importer(815301076,1909f56bfc062723c751e8b465ee728b)
Start importing Assets/Scene2Assets/Pond/Environment_Pond/Summer/Prefabs/Particles/ps_Falling Leaves.prefab using Guid(b10539bf77db20d46ac8735f3e719e02) Importer(815301076,1909f56bfc062723c751e8b465ee728b)  -> (artifact id: 'b8be7174fcab63adadd54ed7fa3f4de7') in 0.023640 seconds 
========================================================================
Received Import Request.
  Time since last request: 0.000547 seconds.
  path: Assets/Scene2Assets/Pond/Environment_Pond/Summer/Prefabs/Particles/ps_WaterRipples.prefab
  artifactKey: Guid(f31f6d174f24fd145826dc3ea5c971e0) Importer(815301076,1909f56bfc062723c751e8b465ee728b)
Start importing Assets/Scene2Assets/Pond/Environment_Pond/Summer/Prefabs/Particles/ps_WaterRipples.prefab using Guid(f31f6d174f24fd145826dc3ea5c971e0) Importer(815301076,1909f56bfc062723c751e8b465ee728b)  -> (artifact id: 'b56cbda2b6195df183fa49e1987c25db') in 1.344736 seconds 
========================================================================
Received Import Request.
  Time since last request: 73.925409 seconds.
  path: Assets/Scene2Assets/Pond/Environment_Pond/Summer/Models/Bush_1_green_LOD0_Textures
  artifactKey: Guid(f1eaca7a86f3fa54397f3798f8e9355e) Importer(815301076,1909f56bfc062723c751e8b465ee728b)
Start importing Assets/Scene2Assets/Pond/Environment_Pond/Summer/Models/Bush_1_green_LOD0_Textures using Guid(f1eaca7a86f3fa54397f3798f8e9355e) Importer(815301076,1909f56bfc062723c751e8b465ee728b)  -> (artifact id: '0b42e668e59512c1393ac28d622ee173') in 0.003247 seconds 
========================================================================
Received Import Request.
  Time since last request: 772.121191 seconds.
  path: Assets/LowlyPoly
  artifactKey: Guid(20e2bc917d2cd4dda89845dc4ef7b76d) Importer(815301076,1909f56bfc062723c751e8b465ee728b)
Start importing Assets/LowlyPoly using Guid(20e2bc917d2cd4dda89845dc4ef7b76d) Importer(815301076,1909f56bfc062723c751e8b465ee728b)  -> (artifact id: 'c296a4715988c7abaf9dbfabc2d94c81') in 0.003874 seconds 
========================================================================
Received Import Request.
  Time since last request: 15.642074 seconds.
  path: Assets/SimpleNaturePack
  artifactKey: Guid(f45fa4e8465b7f5419112988e5c24f05) Importer(815301076,1909f56bfc062723c751e8b465ee728b)
Start importing Assets/SimpleNaturePack using Guid(f45fa4e8465b7f5419112988e5c24f05) Importer(815301076,1909f56bfc062723c751e8b465ee728b)  -> (artifact id: '51bd2ab784c101c14d391bd41592b32f') in 0.003403 seconds 
========================================================================
Received Import Request.
  Time since last request: 1.719695 seconds.
  path: Assets/SimpleNaturePack/SimpleNaturePack_HDRP_2018.4_v1.22.unitypackage
  artifactKey: Guid(3b4dc5f685f8edc4bbba6fb0c8ea39ba) Importer(815301076,1909f56bfc062723c751e8b465ee728b)
Start importing Assets/SimpleNaturePack/SimpleNaturePack_HDRP_2018.4_v1.22.unitypackage using Guid(3b4dc5f685f8edc4bbba6fb0c8ea39ba) Importer(815301076,1909f56bfc062723c751e8b465ee728b)  -> (artifact id: '593115747065b6f47294ac0bb971bb9a') in 0.006392 seconds 
========================================================================
Received Import Request.
  Time since last request: 4.745778 seconds.
  path: Assets/SimpleNaturePack/Scenes/SimpleNaturePack_Demo.unity
  artifactKey: Guid(5e7af4bd95ac53a4cb784a9eedf8f6f9) Importer(815301076,1909f56bfc062723c751e8b465ee728b)
Start importing Assets/SimpleNaturePack/Scenes/SimpleNaturePack_Demo.unity using Guid(5e7af4bd95ac53a4cb784a9eedf8f6f9) Importer(815301076,1909f56bfc062723c751e8b465ee728b)  -> (artifact id: 'b3e18c5a23f1ac724d59098520c473c4') in 0.003904 seconds 
========================================================================
Received Import Request.
  Time since last request: 3349.061811 seconds.
  path: Assets/Scenes/CabinScene.unity
  artifactKey: Guid(9fc0d4010bbf28b4594072e72b8655ab) Importer(815301076,1909f56bfc062723c751e8b465ee728b)
Start importing Assets/Scenes/CabinScene.unity using Guid(9fc0d4010bbf28b4594072e72b8655ab) Importer(815301076,1909f56bfc062723c751e8b465ee728b)  -> (artifact id: '171581274e31148714bd05c2047bd124') in 0.003712 seconds 
========================================================================
Received Import Request.
  Time since last request: 211.624247 seconds.
  path: Assets/Samples
  artifactKey: Guid(5dee97e5ebe754d1d9742a0e07bba06b) Importer(815301076,1909f56bfc062723c751e8b465ee728b)
Start importing Assets/Samples using Guid(5dee97e5ebe754d1d9742a0e07bba06b) Importer(815301076,1909f56bfc062723c751e8b465ee728b)  -> (artifact id: '7539d5e065e2cb60a5122cb8c2bf26d0') in 0.003432 seconds 
========================================================================
Received Import Request.
  Time since last request: 1832.042505 seconds.
  path: Assets/SimpleNaturePack/Scenes/SimpleNaturePack_Demo.unity
  artifactKey: Guid(5e7af4bd95ac53a4cb784a9eedf8f6f9) Importer(815301076,1909f56bfc062723c751e8b465ee728b)
Start importing Assets/SimpleNaturePack/Scenes/SimpleNaturePack_Demo.unity using Guid(5e7af4bd95ac53a4cb784a9eedf8f6f9) Importer(815301076,1909f56bfc062723c751e8b465ee728b)  -> (artifact id: 'd219c29fa8148422cfd7872f12d8ae2d') in 0.003306 seconds 
